[2019-12-10 09:24:57] local.ERROR: Please provide a valid cache path. {"exception":"[object] (InvalidArgumentException(code: 0): Please provide a valid cache path. at /home/samadi/vendor/laravel/framework/src/Illuminate/View/Compilers/Compiler.php:36)
[stacktrace]
#0 /home/samadi/vendor/laravel/framework/src/Illuminate/View/ViewServiceProvider.php(141): Illuminate\\View\\Compilers\\Compiler->__construct(Object(Illuminate\\Filesystem\\Filesystem), false)
#1 /home/samadi/vendor/laravel/framework/src/Illuminate/Container/Container.php(776): Illuminate\\View\\ViewServiceProvider->Illuminate\\View\\{closure}(Object(Illuminate\\Foundation\\Application), Array)
#2 /home/samadi/vendor/laravel/framework/src/Illuminate/Container/Container.php(658): Illuminate\\Container\\Container->build(Object(Closure))
#3 /home/samadi/vendor/laravel/framework/src/Illuminate/Container/Container.php(609): Illuminate\\Container\\Container->resolve('blade.compiler', Array)
#4 /home/samadi/vendor/laravel/framework/src/Illuminate/Foundation/Application.php(735): Illuminate\\Container\\Container->make('blade.compiler', Array)
#5 /home/samadi/vendor/laravel/framework/src/Illuminate/Container/Container.php(1222): Illuminate\\Foundation\\Application->make('blade.compiler')
#6 /home/samadi/vendor/laravel/framework/src/Illuminate/View/ViewServiceProvider.php(146): Illuminate\\Container\\Container->offsetGet('blade.compiler')
#7 [internal function]: Illuminate\\View\\ViewServiceProvider->Illuminate\\View\\{closure}()
#8 /home/samadi/vendor/laravel/framework/src/Illuminate/View/Engines/EngineResolver.php(55): call_user_func(Object(Closure))
#9 /home/samadi/vendor/laravel/framework/src/Illuminate/Support/Facades/Blade.php(34): Illuminate\\View\\Engines\\EngineResolver->resolve('blade')
#10 /home/samadi/vendor/laravel/framework/src/Illuminate/Support/Facades/Facade.php(130): Illuminate\\Support\\Facades\\Blade::getFacadeAccessor()
#11 /home/samadi/vendor/laravel/framework/src/Illuminate/Support/Facades/Facade.php(217): Illuminate\\Support\\Facades\\Facade::getFacadeRoot()
#12 /home/samadi/vendor/santigarcor/laratrust/src/LaratrustRegistersBladeDirectives.php(41): Illuminate\\Support\\Facades\\Facade::__callStatic('directive', Array)
#13 /home/samadi/vendor/santigarcor/laratrust/src/LaratrustRegistersBladeDirectives.php(23): Laratrust\\LaratrustRegistersBladeDirectives->registerWithParenthesis()
#14 /home/samadi/vendor/santigarcor/laratrust/src/LaratrustServiceProvider.php(134): Laratrust\\LaratrustRegistersBladeDirectives->handle('5.7.15')
#15 /home/samadi/vendor/santigarcor/laratrust/src/LaratrustServiceProvider.php(71): Laratrust\\LaratrustServiceProvider->registerBladeDirectives()
#16 [internal function]: Laratrust\\LaratrustServiceProvider->boot()
#17 /home/samadi/vendor/laravel/framework/src/Illuminate/Container/BoundMethod.php(29): call_user_func_array(Array, Array)
#18 /home/samadi/vendor/laravel/framework/src/Illuminate/Container/BoundMethod.php(87): Illuminate\\Container\\BoundMethod::Illuminate\\Container\\{closure}()
#19 /home/samadi/vendor/laravel/framework/src/Illuminate/Container/BoundMethod.php(31): Illuminate\\Container\\BoundMethod::callBoundMethod(Object(Illuminate\\Foundation\\Application), Array, Object(Closure))
#20 /home/samadi/vendor/laravel/framework/src/Illuminate/Container/Container.php(572): Illuminate\\Container\\BoundMethod::call(Object(Illuminate\\Foundation\\Application), Array, Array, NULL)
#21 /home/samadi/vendor/laravel/framework/src/Illuminate/Foundation/Application.php(795): Illuminate\\Container\\Container->call(Array)
#22 /home/samadi/vendor/laravel/framework/src/Illuminate/Foundation/Application.php(778): Illuminate\\Foundation\\Application->bootProvider(Object(Laratrust\\LaratrustServiceProvider))
#23 [internal function]: Illuminate\\Foundation\\Application->Illuminate\\Foundation\\{closure}(Object(Laratrust\\LaratrustServiceProvider), 22)
#24 /home/samadi/vendor/laravel/framework/src/Illuminate/Foundation/Application.php(779): array_walk(Array, Object(Closure))
#25 /home/samadi/vendor/laravel/framework/src/Illuminate/Foundation/Bootstrap/BootProviders.php(17): Illuminate\\Foundation\\Application->boot()
#26 /home/samadi/vendor/laravel/framework/src/Illuminate/Foundation/Application.php(204): Illuminate\\Foundation\\Bootstrap\\BootProviders->bootstrap(Object(Illuminate\\Foundation\\Application))
#27 /home/samadi/vendor/laravel/framework/src/Illuminate/Foundation/Http/Kernel.php(162): Illuminate\\Foundation\\Application->bootstrapWith(Array)
#28 /home/samadi/vendor/laravel/framework/src/Illuminate/Foundation/Http/Kernel.php(146): Illuminate\\Foundation\\Http\\Kernel->bootstrap()
#29 /home/samadi/vendor/laravel/framework/src/Illuminate/Foundation/Http/Kernel.php(116): Illuminate\\Foundation\\Http\\Kernel->sendRequestThroughRouter(Object(Illuminate\\Http\\Request))
#30 /home/samadi/public/index.php(53): Illuminate\\Foundation\\Http\\Kernel->handle(Object(Illuminate\\Http\\Request))
#31 {main}
"} 
[2019-12-10 09:25:13] local.ERROR: Please provide a valid cache path. {"exception":"[object] (InvalidArgumentException(code: 0): Please provide a valid cache path. at /home/samadi/vendor/laravel/framework/src/Illuminate/View/Compilers/Compiler.php:36)
[stacktrace]
#0 /home/samadi/vendor/laravel/framework/src/Illuminate/View/ViewServiceProvider.php(141): Illuminate\\View\\Compilers\\Compiler->__construct(Object(Illuminate\\Filesystem\\Filesystem), false)
#1 /home/samadi/vendor/laravel/framework/src/Illuminate/Container/Container.php(776): Illuminate\\View\\ViewServiceProvider->Illuminate\\View\\{closure}(Object(Illuminate\\Foundation\\Application), Array)
#2 /home/samadi/vendor/laravel/framework/src/Illuminate/Container/Container.php(658): Illuminate\\Container\\Container->build(Object(Closure))
#3 /home/samadi/vendor/laravel/framework/src/Illuminate/Container/Container.php(609): Illuminate\\Container\\Container->resolve('blade.compiler', Array)
#4 /home/samadi/vendor/laravel/framework/src/Illuminate/Foundation/Application.php(735): Illuminate\\Container\\Container->make('blade.compiler', Array)
#5 /home/samadi/vendor/laravel/framework/src/Illuminate/Container/Container.php(1222): Illuminate\\Foundation\\Application->make('blade.compiler')
#6 /home/samadi/vendor/laravel/framework/src/Illuminate/View/ViewServiceProvider.php(146): Illuminate\\Container\\Container->offsetGet('blade.compiler')
#7 [internal function]: Illuminate\\View\\ViewServiceProvider->Illuminate\\View\\{closure}()
#8 /home/samadi/vendor/laravel/framework/src/Illuminate/View/Engines/EngineResolver.php(55): call_user_func(Object(Closure))
#9 /home/samadi/vendor/laravel/framework/src/Illuminate/Support/Facades/Blade.php(34): Illuminate\\View\\Engines\\EngineResolver->resolve('blade')
#10 /home/samadi/vendor/laravel/framework/src/Illuminate/Support/Facades/Facade.php(130): Illuminate\\Support\\Facades\\Blade::getFacadeAccessor()
#11 /home/samadi/vendor/laravel/framework/src/Illuminate/Support/Facades/Facade.php(217): Illuminate\\Support\\Facades\\Facade::getFacadeRoot()
#12 /home/samadi/vendor/santigarcor/laratrust/src/LaratrustRegistersBladeDirectives.php(41): Illuminate\\Support\\Facades\\Facade::__callStatic('directive', Array)
#13 /home/samadi/vendor/santigarcor/laratrust/src/LaratrustRegistersBladeDirectives.php(23): Laratrust\\LaratrustRegistersBladeDirectives->registerWithParenthesis()
#14 /home/samadi/vendor/santigarcor/laratrust/src/LaratrustServiceProvider.php(134): Laratrust\\LaratrustRegistersBladeDirectives->handle('5.7.15')
#15 /home/samadi/vendor/santigarcor/laratrust/src/LaratrustServiceProvider.php(71): Laratrust\\LaratrustServiceProvider->registerBladeDirectives()
#16 [internal function]: Laratrust\\LaratrustServiceProvider->boot()
#17 /home/samadi/vendor/laravel/framework/src/Illuminate/Container/BoundMethod.php(29): call_user_func_array(Array, Array)
#18 /home/samadi/vendor/laravel/framework/src/Illuminate/Container/BoundMethod.php(87): Illuminate\\Container\\BoundMethod::Illuminate\\Container\\{closure}()
#19 /home/samadi/vendor/laravel/framework/src/Illuminate/Container/BoundMethod.php(31): Illuminate\\Container\\BoundMethod::callBoundMethod(Object(Illuminate\\Foundation\\Application), Array, Object(Closure))
#20 /home/samadi/vendor/laravel/framework/src/Illuminate/Container/Container.php(572): Illuminate\\Container\\BoundMethod::call(Object(Illuminate\\Foundation\\Application), Array, Array, NULL)
#21 /home/samadi/vendor/laravel/framework/src/Illuminate/Foundation/Application.php(795): Illuminate\\Container\\Container->call(Array)
#22 /home/samadi/vendor/laravel/framework/src/Illuminate/Foundation/Application.php(778): Illuminate\\Foundation\\Application->bootProvider(Object(Laratrust\\LaratrustServiceProvider))
#23 [internal function]: Illuminate\\Foundation\\Application->Illuminate\\Foundation\\{closure}(Object(Laratrust\\LaratrustServiceProvider), 22)
#24 /home/samadi/vendor/laravel/framework/src/Illuminate/Foundation/Application.php(779): array_walk(Array, Object(Closure))
#25 /home/samadi/vendor/laravel/framework/src/Illuminate/Foundation/Bootstrap/BootProviders.php(17): Illuminate\\Foundation\\Application->boot()
#26 /home/samadi/vendor/laravel/framework/src/Illuminate/Foundation/Application.php(204): Illuminate\\Foundation\\Bootstrap\\BootProviders->bootstrap(Object(Illuminate\\Foundation\\Application))
#27 /home/samadi/vendor/laravel/framework/src/Illuminate/Foundation/Http/Kernel.php(162): Illuminate\\Foundation\\Application->bootstrapWith(Array)
#28 /home/samadi/vendor/laravel/framework/src/Illuminate/Foundation/Http/Kernel.php(146): Illuminate\\Foundation\\Http\\Kernel->bootstrap()
#29 /home/samadi/vendor/laravel/framework/src/Illuminate/Foundation/Http/Kernel.php(116): Illuminate\\Foundation\\Http\\Kernel->sendRequestThroughRouter(Object(Illuminate\\Http\\Request))
#30 /home/samadi/public/index.php(53): Illuminate\\Foundation\\Http\\Kernel->handle(Object(Illuminate\\Http\\Request))
#31 {main}
"} 
[2019-12-10 09:25:21] local.ERROR: Please provide a valid cache path. {"exception":"[object] (InvalidArgumentException(code: 0): Please provide a valid cache path. at /home/samadi/vendor/laravel/framework/src/Illuminate/View/Compilers/Compiler.php:36)
[stacktrace]
#0 /home/samadi/vendor/laravel/framework/src/Illuminate/View/ViewServiceProvider.php(141): Illuminate\\View\\Compilers\\Compiler->__construct(Object(Illuminate\\Filesystem\\Filesystem), false)
#1 /home/samadi/vendor/laravel/framework/src/Illuminate/Container/Container.php(776): Illuminate\\View\\ViewServiceProvider->Illuminate\\View\\{closure}(Object(Illuminate\\Foundation\\Application), Array)
#2 /home/samadi/vendor/laravel/framework/src/Illuminate/Container/Container.php(658): Illuminate\\Container\\Container->build(Object(Closure))
#3 /home/samadi/vendor/laravel/framework/src/Illuminate/Container/Container.php(609): Illuminate\\Container\\Container->resolve('blade.compiler', Array)
#4 /home/samadi/vendor/laravel/framework/src/Illuminate/Foundation/Application.php(735): Illuminate\\Container\\Container->make('blade.compiler', Array)
#5 /home/samadi/vendor/laravel/framework/src/Illuminate/Container/Container.php(1222): Illuminate\\Foundation\\Application->make('blade.compiler')
#6 /home/samadi/vendor/laravel/framework/src/Illuminate/View/ViewServiceProvider.php(146): Illuminate\\Container\\Container->offsetGet('blade.compiler')
#7 [internal function]: Illuminate\\View\\ViewServiceProvider->Illuminate\\View\\{closure}()
#8 /home/samadi/vendor/laravel/framework/src/Illuminate/View/Engines/EngineResolver.php(55): call_user_func(Object(Closure))
#9 /home/samadi/vendor/laravel/framework/src/Illuminate/Support/Facades/Blade.php(34): Illuminate\\View\\Engines\\EngineResolver->resolve('blade')
#10 /home/samadi/vendor/laravel/framework/src/Illuminate/Support/Facades/Facade.php(130): Illuminate\\Support\\Facades\\Blade::getFacadeAccessor()
#11 /home/samadi/vendor/laravel/framework/src/Illuminate/Support/Facades/Facade.php(217): Illuminate\\Support\\Facades\\Facade::getFacadeRoot()
#12 /home/samadi/vendor/santigarcor/laratrust/src/LaratrustRegistersBladeDirectives.php(41): Illuminate\\Support\\Facades\\Facade::__callStatic('directive', Array)
#13 /home/samadi/vendor/santigarcor/laratrust/src/LaratrustRegistersBladeDirectives.php(23): Laratrust\\LaratrustRegistersBladeDirectives->registerWithParenthesis()
#14 /home/samadi/vendor/santigarcor/laratrust/src/LaratrustServiceProvider.php(134): Laratrust\\LaratrustRegistersBladeDirectives->handle('5.7.15')
#15 /home/samadi/vendor/santigarcor/laratrust/src/LaratrustServiceProvider.php(71): Laratrust\\LaratrustServiceProvider->registerBladeDirectives()
#16 [internal function]: Laratrust\\LaratrustServiceProvider->boot()
#17 /home/samadi/vendor/laravel/framework/src/Illuminate/Container/BoundMethod.php(29): call_user_func_array(Array, Array)
#18 /home/samadi/vendor/laravel/framework/src/Illuminate/Container/BoundMethod.php(87): Illuminate\\Container\\BoundMethod::Illuminate\\Container\\{closure}()
#19 /home/samadi/vendor/laravel/framework/src/Illuminate/Container/BoundMethod.php(31): Illuminate\\Container\\BoundMethod::callBoundMethod(Object(Illuminate\\Foundation\\Application), Array, Object(Closure))
#20 /home/samadi/vendor/laravel/framework/src/Illuminate/Container/Container.php(572): Illuminate\\Container\\BoundMethod::call(Object(Illuminate\\Foundation\\Application), Array, Array, NULL)
#21 /home/samadi/vendor/laravel/framework/src/Illuminate/Foundation/Application.php(795): Illuminate\\Container\\Container->call(Array)
#22 /home/samadi/vendor/laravel/framework/src/Illuminate/Foundation/Application.php(778): Illuminate\\Foundation\\Application->bootProvider(Object(Laratrust\\LaratrustServiceProvider))
#23 [internal function]: Illuminate\\Foundation\\Application->Illuminate\\Foundation\\{closure}(Object(Laratrust\\LaratrustServiceProvider), 22)
#24 /home/samadi/vendor/laravel/framework/src/Illuminate/Foundation/Application.php(779): array_walk(Array, Object(Closure))
#25 /home/samadi/vendor/laravel/framework/src/Illuminate/Foundation/Bootstrap/BootProviders.php(17): Illuminate\\Foundation\\Application->boot()
#26 /home/samadi/vendor/laravel/framework/src/Illuminate/Foundation/Application.php(204): Illuminate\\Foundation\\Bootstrap\\BootProviders->bootstrap(Object(Illuminate\\Foundation\\Application))
#27 /home/samadi/vendor/laravel/framework/src/Illuminate/Foundation/Http/Kernel.php(162): Illuminate\\Foundation\\Application->bootstrapWith(Array)
#28 /home/samadi/vendor/laravel/framework/src/Illuminate/Foundation/Http/Kernel.php(146): Illuminate\\Foundation\\Http\\Kernel->bootstrap()
#29 /home/samadi/vendor/laravel/framework/src/Illuminate/Foundation/Http/Kernel.php(116): Illuminate\\Foundation\\Http\\Kernel->sendRequestThroughRouter(Object(Illuminate\\Http\\Request))
#30 /home/samadi/public/index.php(53): Illuminate\\Foundation\\Http\\Kernel->handle(Object(Illuminate\\Http\\Request))
#31 {main}
"} 
[2019-12-10 09:25:55] local.ERROR: Please provide a valid cache path. {"exception":"[object] (InvalidArgumentException(code: 0): Please provide a valid cache path. at /home/samadi/vendor/laravel/framework/src/Illuminate/View/Compilers/Compiler.php:36)
[stacktrace]
#0 /home/samadi/vendor/laravel/framework/src/Illuminate/View/ViewServiceProvider.php(141): Illuminate\\View\\Compilers\\Compiler->__construct(Object(Illuminate\\Filesystem\\Filesystem), false)
#1 /home/samadi/vendor/laravel/framework/src/Illuminate/Container/Container.php(776): Illuminate\\View\\ViewServiceProvider->Illuminate\\View\\{closure}(Object(Illuminate\\Foundation\\Application), Array)
#2 /home/samadi/vendor/laravel/framework/src/Illuminate/Container/Container.php(658): Illuminate\\Container\\Container->build(Object(Closure))
#3 /home/samadi/vendor/laravel/framework/src/Illuminate/Container/Container.php(609): Illuminate\\Container\\Container->resolve('blade.compiler', Array)
#4 /home/samadi/vendor/laravel/framework/src/Illuminate/Foundation/Application.php(735): Illuminate\\Container\\Container->make('blade.compiler', Array)
#5 /home/samadi/vendor/laravel/framework/src/Illuminate/Container/Container.php(1222): Illuminate\\Foundation\\Application->make('blade.compiler')
#6 /home/samadi/vendor/laravel/framework/src/Illuminate/View/ViewServiceProvider.php(146): Illuminate\\Container\\Container->offsetGet('blade.compiler')
#7 [internal function]: Illuminate\\View\\ViewServiceProvider->Illuminate\\View\\{closure}()
#8 /home/samadi/vendor/laravel/framework/src/Illuminate/View/Engines/EngineResolver.php(55): call_user_func(Object(Closure))
#9 /home/samadi/vendor/laravel/framework/src/Illuminate/Support/Facades/Blade.php(34): Illuminate\\View\\Engines\\EngineResolver->resolve('blade')
#10 /home/samadi/vendor/laravel/framework/src/Illuminate/Support/Facades/Facade.php(130): Illuminate\\Support\\Facades\\Blade::getFacadeAccessor()
#11 /home/samadi/vendor/laravel/framework/src/Illuminate/Support/Facades/Facade.php(217): Illuminate\\Support\\Facades\\Facade::getFacadeRoot()
#12 /home/samadi/vendor/santigarcor/laratrust/src/LaratrustRegistersBladeDirectives.php(41): Illuminate\\Support\\Facades\\Facade::__callStatic('directive', Array)
#13 /home/samadi/vendor/santigarcor/laratrust/src/LaratrustRegistersBladeDirectives.php(23): Laratrust\\LaratrustRegistersBladeDirectives->registerWithParenthesis()
#14 /home/samadi/vendor/santigarcor/laratrust/src/LaratrustServiceProvider.php(134): Laratrust\\LaratrustRegistersBladeDirectives->handle('5.7.15')
#15 /home/samadi/vendor/santigarcor/laratrust/src/LaratrustServiceProvider.php(71): Laratrust\\LaratrustServiceProvider->registerBladeDirectives()
#16 [internal function]: Laratrust\\LaratrustServiceProvider->boot()
#17 /home/samadi/vendor/laravel/framework/src/Illuminate/Container/BoundMethod.php(29): call_user_func_array(Array, Array)
#18 /home/samadi/vendor/laravel/framework/src/Illuminate/Container/BoundMethod.php(87): Illuminate\\Container\\BoundMethod::Illuminate\\Container\\{closure}()
#19 /home/samadi/vendor/laravel/framework/src/Illuminate/Container/BoundMethod.php(31): Illuminate\\Container\\BoundMethod::callBoundMethod(Object(Illuminate\\Foundation\\Application), Array, Object(Closure))
#20 /home/samadi/vendor/laravel/framework/src/Illuminate/Container/Container.php(572): Illuminate\\Container\\BoundMethod::call(Object(Illuminate\\Foundation\\Application), Array, Array, NULL)
#21 /home/samadi/vendor/laravel/framework/src/Illuminate/Foundation/Application.php(795): Illuminate\\Container\\Container->call(Array)
#22 /home/samadi/vendor/laravel/framework/src/Illuminate/Foundation/Application.php(778): Illuminate\\Foundation\\Application->bootProvider(Object(Laratrust\\LaratrustServiceProvider))
#23 [internal function]: Illuminate\\Foundation\\Application->Illuminate\\Foundation\\{closure}(Object(Laratrust\\LaratrustServiceProvider), 22)
#24 /home/samadi/vendor/laravel/framework/src/Illuminate/Foundation/Application.php(779): array_walk(Array, Object(Closure))
#25 /home/samadi/vendor/laravel/framework/src/Illuminate/Foundation/Bootstrap/BootProviders.php(17): Illuminate\\Foundation\\Application->boot()
#26 /home/samadi/vendor/laravel/framework/src/Illuminate/Foundation/Application.php(204): Illuminate\\Foundation\\Bootstrap\\BootProviders->bootstrap(Object(Illuminate\\Foundation\\Application))
#27 /home/samadi/vendor/laravel/framework/src/Illuminate/Foundation/Http/Kernel.php(162): Illuminate\\Foundation\\Application->bootstrapWith(Array)
#28 /home/samadi/vendor/laravel/framework/src/Illuminate/Foundation/Http/Kernel.php(146): Illuminate\\Foundation\\Http\\Kernel->bootstrap()
#29 /home/samadi/vendor/laravel/framework/src/Illuminate/Foundation/Http/Kernel.php(116): Illuminate\\Foundation\\Http\\Kernel->sendRequestThroughRouter(Object(Illuminate\\Http\\Request))
#30 /home/samadi/public/index.php(53): Illuminate\\Foundation\\Http\\Kernel->handle(Object(Illuminate\\Http\\Request))
#31 {main}
"} 
[2019-12-10 09:26:39] local.ERROR: Please provide a valid cache path. {"exception":"[object] (InvalidArgumentException(code: 0): Please provide a valid cache path. at /home/samadi/vendor/laravel/framework/src/Illuminate/View/Compilers/Compiler.php:36)
[stacktrace]
#0 /home/samadi/vendor/laravel/framework/src/Illuminate/View/ViewServiceProvider.php(141): Illuminate\\View\\Compilers\\Compiler->__construct(Object(Illuminate\\Filesystem\\Filesystem), false)
#1 /home/samadi/vendor/laravel/framework/src/Illuminate/Container/Container.php(776): Illuminate\\View\\ViewServiceProvider->Illuminate\\View\\{closure}(Object(Illuminate\\Foundation\\Application), Array)
#2 /home/samadi/vendor/laravel/framework/src/Illuminate/Container/Container.php(658): Illuminate\\Container\\Container->build(Object(Closure))
#3 /home/samadi/vendor/laravel/framework/src/Illuminate/Container/Container.php(609): Illuminate\\Container\\Container->resolve('blade.compiler', Array)
#4 /home/samadi/vendor/laravel/framework/src/Illuminate/Foundation/Application.php(735): Illuminate\\Container\\Container->make('blade.compiler', Array)
#5 /home/samadi/vendor/laravel/framework/src/Illuminate/Container/Container.php(1222): Illuminate\\Foundation\\Application->make('blade.compiler')
#6 /home/samadi/vendor/laravel/framework/src/Illuminate/View/ViewServiceProvider.php(146): Illuminate\\Container\\Container->offsetGet('blade.compiler')
#7 [internal function]: Illuminate\\View\\ViewServiceProvider->Illuminate\\View\\{closure}()
#8 /home/samadi/vendor/laravel/framework/src/Illuminate/View/Engines/EngineResolver.php(55): call_user_func(Object(Closure))
#9 /home/samadi/vendor/laravel/framework/src/Illuminate/Support/Facades/Blade.php(34): Illuminate\\View\\Engines\\EngineResolver->resolve('blade')
#10 /home/samadi/vendor/laravel/framework/src/Illuminate/Support/Facades/Facade.php(130): Illuminate\\Support\\Facades\\Blade::getFacadeAccessor()
#11 /home/samadi/vendor/laravel/framework/src/Illuminate/Support/Facades/Facade.php(217): Illuminate\\Support\\Facades\\Facade::getFacadeRoot()
#12 /home/samadi/vendor/santigarcor/laratrust/src/LaratrustRegistersBladeDirectives.php(41): Illuminate\\Support\\Facades\\Facade::__callStatic('directive', Array)
#13 /home/samadi/vendor/santigarcor/laratrust/src/LaratrustRegistersBladeDirectives.php(23): Laratrust\\LaratrustRegistersBladeDirectives->registerWithParenthesis()
#14 /home/samadi/vendor/santigarcor/laratrust/src/LaratrustServiceProvider.php(134): Laratrust\\LaratrustRegistersBladeDirectives->handle('5.7.15')
#15 /home/samadi/vendor/santigarcor/laratrust/src/LaratrustServiceProvider.php(71): Laratrust\\LaratrustServiceProvider->registerBladeDirectives()
#16 [internal function]: Laratrust\\LaratrustServiceProvider->boot()
#17 /home/samadi/vendor/laravel/framework/src/Illuminate/Container/BoundMethod.php(29): call_user_func_array(Array, Array)
#18 /home/samadi/vendor/laravel/framework/src/Illuminate/Container/BoundMethod.php(87): Illuminate\\Container\\BoundMethod::Illuminate\\Container\\{closure}()
#19 /home/samadi/vendor/laravel/framework/src/Illuminate/Container/BoundMethod.php(31): Illuminate\\Container\\BoundMethod::callBoundMethod(Object(Illuminate\\Foundation\\Application), Array, Object(Closure))
#20 /home/samadi/vendor/laravel/framework/src/Illuminate/Container/Container.php(572): Illuminate\\Container\\BoundMethod::call(Object(Illuminate\\Foundation\\Application), Array, Array, NULL)
#21 /home/samadi/vendor/laravel/framework/src/Illuminate/Foundation/Application.php(795): Illuminate\\Container\\Container->call(Array)
#22 /home/samadi/vendor/laravel/framework/src/Illuminate/Foundation/Application.php(778): Illuminate\\Foundation\\Application->bootProvider(Object(Laratrust\\LaratrustServiceProvider))
#23 [internal function]: Illuminate\\Foundation\\Application->Illuminate\\Foundation\\{closure}(Object(Laratrust\\LaratrustServiceProvider), 22)
#24 /home/samadi/vendor/laravel/framework/src/Illuminate/Foundation/Application.php(779): array_walk(Array, Object(Closure))
#25 /home/samadi/vendor/laravel/framework/src/Illuminate/Foundation/Bootstrap/BootProviders.php(17): Illuminate\\Foundation\\Application->boot()
#26 /home/samadi/vendor/laravel/framework/src/Illuminate/Foundation/Application.php(204): Illuminate\\Foundation\\Bootstrap\\BootProviders->bootstrap(Object(Illuminate\\Foundation\\Application))
#27 /home/samadi/vendor/laravel/framework/src/Illuminate/Foundation/Http/Kernel.php(162): Illuminate\\Foundation\\Application->bootstrapWith(Array)
#28 /home/samadi/vendor/laravel/framework/src/Illuminate/Foundation/Http/Kernel.php(146): Illuminate\\Foundation\\Http\\Kernel->bootstrap()
#29 /home/samadi/vendor/laravel/framework/src/Illuminate/Foundation/Http/Kernel.php(116): Illuminate\\Foundation\\Http\\Kernel->sendRequestThroughRouter(Object(Illuminate\\Http\\Request))
#30 /home/samadi/public/index.php(53): Illuminate\\Foundation\\Http\\Kernel->handle(Object(Illuminate\\Http\\Request))
#31 {main}
"} 
[2019-12-10 09:27:22] local.ERROR: Please provide a valid cache path. {"exception":"[object] (InvalidArgumentException(code: 0): Please provide a valid cache path. at /home/samadi/vendor/laravel/framework/src/Illuminate/View/Compilers/Compiler.php:36)
[stacktrace]
#0 /home/samadi/vendor/laravel/framework/src/Illuminate/View/ViewServiceProvider.php(141): Illuminate\\View\\Compilers\\Compiler->__construct(Object(Illuminate\\Filesystem\\Filesystem), false)
#1 /home/samadi/vendor/laravel/framework/src/Illuminate/Container/Container.php(776): Illuminate\\View\\ViewServiceProvider->Illuminate\\View\\{closure}(Object(Illuminate\\Foundation\\Application), Array)
#2 /home/samadi/vendor/laravel/framework/src/Illuminate/Container/Container.php(658): Illuminate\\Container\\Container->build(Object(Closure))
#3 /home/samadi/vendor/laravel/framework/src/Illuminate/Container/Container.php(609): Illuminate\\Container\\Container->resolve('blade.compiler', Array)
#4 /home/samadi/vendor/laravel/framework/src/Illuminate/Foundation/Application.php(735): Illuminate\\Container\\Container->make('blade.compiler', Array)
#5 /home/samadi/vendor/laravel/framework/src/Illuminate/Container/Container.php(1222): Illuminate\\Foundation\\Application->make('blade.compiler')
#6 /home/samadi/vendor/laravel/framework/src/Illuminate/View/ViewServiceProvider.php(146): Illuminate\\Container\\Container->offsetGet('blade.compiler')
#7 [internal function]: Illuminate\\View\\ViewServiceProvider->Illuminate\\View\\{closure}()
#8 /home/samadi/vendor/laravel/framework/src/Illuminate/View/Engines/EngineResolver.php(55): call_user_func(Object(Closure))
#9 /home/samadi/vendor/laravel/framework/src/Illuminate/Support/Facades/Blade.php(34): Illuminate\\View\\Engines\\EngineResolver->resolve('blade')
#10 /home/samadi/vendor/laravel/framework/src/Illuminate/Support/Facades/Facade.php(130): Illuminate\\Support\\Facades\\Blade::getFacadeAccessor()
#11 /home/samadi/vendor/laravel/framework/src/Illuminate/Support/Facades/Facade.php(217): Illuminate\\Support\\Facades\\Facade::getFacadeRoot()
#12 /home/samadi/vendor/santigarcor/laratrust/src/LaratrustRegistersBladeDirectives.php(41): Illuminate\\Support\\Facades\\Facade::__callStatic('directive', Array)
#13 /home/samadi/vendor/santigarcor/laratrust/src/LaratrustRegistersBladeDirectives.php(23): Laratrust\\LaratrustRegistersBladeDirectives->registerWithParenthesis()
#14 /home/samadi/vendor/santigarcor/laratrust/src/LaratrustServiceProvider.php(134): Laratrust\\LaratrustRegistersBladeDirectives->handle('5.7.15')
#15 /home/samadi/vendor/santigarcor/laratrust/src/LaratrustServiceProvider.php(71): Laratrust\\LaratrustServiceProvider->registerBladeDirectives()
#16 [internal function]: Laratrust\\LaratrustServiceProvider->boot()
#17 /home/samadi/vendor/laravel/framework/src/Illuminate/Container/BoundMethod.php(29): call_user_func_array(Array, Array)
#18 /home/samadi/vendor/laravel/framework/src/Illuminate/Container/BoundMethod.php(87): Illuminate\\Container\\BoundMethod::Illuminate\\Container\\{closure}()
#19 /home/samadi/vendor/laravel/framework/src/Illuminate/Container/BoundMethod.php(31): Illuminate\\Container\\BoundMethod::callBoundMethod(Object(Illuminate\\Foundation\\Application), Array, Object(Closure))
#20 /home/samadi/vendor/laravel/framework/src/Illuminate/Container/Container.php(572): Illuminate\\Container\\BoundMethod::call(Object(Illuminate\\Foundation\\Application), Array, Array, NULL)
#21 /home/samadi/vendor/laravel/framework/src/Illuminate/Foundation/Application.php(795): Illuminate\\Container\\Container->call(Array)
#22 /home/samadi/vendor/laravel/framework/src/Illuminate/Foundation/Application.php(778): Illuminate\\Foundation\\Application->bootProvider(Object(Laratrust\\LaratrustServiceProvider))
#23 [internal function]: Illuminate\\Foundation\\Application->Illuminate\\Foundation\\{closure}(Object(Laratrust\\LaratrustServiceProvider), 22)
#24 /home/samadi/vendor/laravel/framework/src/Illuminate/Foundation/Application.php(779): array_walk(Array, Object(Closure))
#25 /home/samadi/vendor/laravel/framework/src/Illuminate/Foundation/Bootstrap/BootProviders.php(17): Illuminate\\Foundation\\Application->boot()
#26 /home/samadi/vendor/laravel/framework/src/Illuminate/Foundation/Application.php(204): Illuminate\\Foundation\\Bootstrap\\BootProviders->bootstrap(Object(Illuminate\\Foundation\\Application))
#27 /home/samadi/vendor/laravel/framework/src/Illuminate/Foundation/Http/Kernel.php(162): Illuminate\\Foundation\\Application->bootstrapWith(Array)
#28 /home/samadi/vendor/laravel/framework/src/Illuminate/Foundation/Http/Kernel.php(146): Illuminate\\Foundation\\Http\\Kernel->bootstrap()
#29 /home/samadi/vendor/laravel/framework/src/Illuminate/Foundation/Http/Kernel.php(116): Illuminate\\Foundation\\Http\\Kernel->sendRequestThroughRouter(Object(Illuminate\\Http\\Request))
#30 /home/samadi/public/index.php(53): Illuminate\\Foundation\\Http\\Kernel->handle(Object(Illuminate\\Http\\Request))
#31 {main}
"} 
[2019-12-10 09:29:46] local.ERROR: Please provide a valid cache path. {"exception":"[object] (InvalidArgumentException(code: 0): Please provide a valid cache path. at /home/samadi/vendor/laravel/framework/src/Illuminate/View/Compilers/Compiler.php:36)
[stacktrace]
#0 /home/samadi/vendor/laravel/framework/src/Illuminate/View/ViewServiceProvider.php(141): Illuminate\\View\\Compilers\\Compiler->__construct(Object(Illuminate\\Filesystem\\Filesystem), false)
#1 /home/samadi/vendor/laravel/framework/src/Illuminate/Container/Container.php(776): Illuminate\\View\\ViewServiceProvider->Illuminate\\View\\{closure}(Object(Illuminate\\Foundation\\Application), Array)
#2 /home/samadi/vendor/laravel/framework/src/Illuminate/Container/Container.php(658): Illuminate\\Container\\Container->build(Object(Closure))
#3 /home/samadi/vendor/laravel/framework/src/Illuminate/Container/Container.php(609): Illuminate\\Container\\Container->resolve('blade.compiler', Array)
#4 /home/samadi/vendor/laravel/framework/src/Illuminate/Foundation/Application.php(735): Illuminate\\Container\\Container->make('blade.compiler', Array)
#5 /home/samadi/vendor/laravel/framework/src/Illuminate/Container/Container.php(1222): Illuminate\\Foundation\\Application->make('blade.compiler')
#6 /home/samadi/vendor/laravel/framework/src/Illuminate/View/ViewServiceProvider.php(146): Illuminate\\Container\\Container->offsetGet('blade.compiler')
#7 [internal function]: Illuminate\\View\\ViewServiceProvider->Illuminate\\View\\{closure}()
#8 /home/samadi/vendor/laravel/framework/src/Illuminate/View/Engines/EngineResolver.php(55): call_user_func(Object(Closure))
#9 /home/samadi/vendor/laravel/framework/src/Illuminate/Support/Facades/Blade.php(34): Illuminate\\View\\Engines\\EngineResolver->resolve('blade')
#10 /home/samadi/vendor/laravel/framework/src/Illuminate/Support/Facades/Facade.php(130): Illuminate\\Support\\Facades\\Blade::getFacadeAccessor()
#11 /home/samadi/vendor/laravel/framework/src/Illuminate/Support/Facades/Facade.php(217): Illuminate\\Support\\Facades\\Facade::getFacadeRoot()
#12 /home/samadi/vendor/santigarcor/laratrust/src/LaratrustRegistersBladeDirectives.php(41): Illuminate\\Support\\Facades\\Facade::__callStatic('directive', Array)
#13 /home/samadi/vendor/santigarcor/laratrust/src/LaratrustRegistersBladeDirectives.php(23): Laratrust\\LaratrustRegistersBladeDirectives->registerWithParenthesis()
#14 /home/samadi/vendor/santigarcor/laratrust/src/LaratrustServiceProvider.php(134): Laratrust\\LaratrustRegistersBladeDirectives->handle('5.7.15')
#15 /home/samadi/vendor/santigarcor/laratrust/src/LaratrustServiceProvider.php(71): Laratrust\\LaratrustServiceProvider->registerBladeDirectives()
#16 [internal function]: Laratrust\\LaratrustServiceProvider->boot()
#17 /home/samadi/vendor/laravel/framework/src/Illuminate/Container/BoundMethod.php(29): call_user_func_array(Array, Array)
#18 /home/samadi/vendor/laravel/framework/src/Illuminate/Container/BoundMethod.php(87): Illuminate\\Container\\BoundMethod::Illuminate\\Container\\{closure}()
#19 /home/samadi/vendor/laravel/framework/src/Illuminate/Container/BoundMethod.php(31): Illuminate\\Container\\BoundMethod::callBoundMethod(Object(Illuminate\\Foundation\\Application), Array, Object(Closure))
#20 /home/samadi/vendor/laravel/framework/src/Illuminate/Container/Container.php(572): Illuminate\\Container\\BoundMethod::call(Object(Illuminate\\Foundation\\Application), Array, Array, NULL)
#21 /home/samadi/vendor/laravel/framework/src/Illuminate/Foundation/Application.php(795): Illuminate\\Container\\Container->call(Array)
#22 /home/samadi/vendor/laravel/framework/src/Illuminate/Foundation/Application.php(778): Illuminate\\Foundation\\Application->bootProvider(Object(Laratrust\\LaratrustServiceProvider))
#23 [internal function]: Illuminate\\Foundation\\Application->Illuminate\\Foundation\\{closure}(Object(Laratrust\\LaratrustServiceProvider), 22)
#24 /home/samadi/vendor/laravel/framework/src/Illuminate/Foundation/Application.php(779): array_walk(Array, Object(Closure))
#25 /home/samadi/vendor/laravel/framework/src/Illuminate/Foundation/Bootstrap/BootProviders.php(17): Illuminate\\Foundation\\Application->boot()
#26 /home/samadi/vendor/laravel/framework/src/Illuminate/Foundation/Application.php(204): Illuminate\\Foundation\\Bootstrap\\BootProviders->bootstrap(Object(Illuminate\\Foundation\\Application))
#27 /home/samadi/vendor/laravel/framework/src/Illuminate/Foundation/Http/Kernel.php(162): Illuminate\\Foundation\\Application->bootstrapWith(Array)
#28 /home/samadi/vendor/laravel/framework/src/Illuminate/Foundation/Http/Kernel.php(146): Illuminate\\Foundation\\Http\\Kernel->bootstrap()
#29 /home/samadi/vendor/laravel/framework/src/Illuminate/Foundation/Http/Kernel.php(116): Illuminate\\Foundation\\Http\\Kernel->sendRequestThroughRouter(Object(Illuminate\\Http\\Request))
#30 /home/samadi/public/index.php(53): Illuminate\\Foundation\\Http\\Kernel->handle(Object(Illuminate\\Http\\Request))
#31 {main}
"} 
[2019-12-10 09:29:46] local.ERROR: Please provide a valid cache path. {"exception":"[object] (InvalidArgumentException(code: 0): Please provide a valid cache path. at /home/samadi/vendor/laravel/framework/src/Illuminate/View/Compilers/Compiler.php:36)
[stacktrace]
#0 /home/samadi/vendor/laravel/framework/src/Illuminate/View/ViewServiceProvider.php(141): Illuminate\\View\\Compilers\\Compiler->__construct(Object(Illuminate\\Filesystem\\Filesystem), false)
#1 /home/samadi/vendor/laravel/framework/src/Illuminate/Container/Container.php(776): Illuminate\\View\\ViewServiceProvider->Illuminate\\View\\{closure}(Object(Illuminate\\Foundation\\Application), Array)
#2 /home/samadi/vendor/laravel/framework/src/Illuminate/Container/Container.php(658): Illuminate\\Container\\Container->build(Object(Closure))
#3 /home/samadi/vendor/laravel/framework/src/Illuminate/Container/Container.php(609): Illuminate\\Container\\Container->resolve('blade.compiler', Array)
#4 /home/samadi/vendor/laravel/framework/src/Illuminate/Foundation/Application.php(735): Illuminate\\Container\\Container->make('blade.compiler', Array)
#5 /home/samadi/vendor/laravel/framework/src/Illuminate/Container/Container.php(1222): Illuminate\\Foundation\\Application->make('blade.compiler')
#6 /home/samadi/vendor/laravel/framework/src/Illuminate/View/ViewServiceProvider.php(146): Illuminate\\Container\\Container->offsetGet('blade.compiler')
#7 [internal function]: Illuminate\\View\\ViewServiceProvider->Illuminate\\View\\{closure}()
#8 /home/samadi/vendor/laravel/framework/src/Illuminate/View/Engines/EngineResolver.php(55): call_user_func(Object(Closure))
#9 /home/samadi/vendor/laravel/framework/src/Illuminate/Support/Facades/Blade.php(34): Illuminate\\View\\Engines\\EngineResolver->resolve('blade')
#10 /home/samadi/vendor/laravel/framework/src/Illuminate/Support/Facades/Facade.php(130): Illuminate\\Support\\Facades\\Blade::getFacadeAccessor()
#11 /home/samadi/vendor/laravel/framework/src/Illuminate/Support/Facades/Facade.php(217): Illuminate\\Support\\Facades\\Facade::getFacadeRoot()
#12 /home/samadi/vendor/santigarcor/laratrust/src/LaratrustRegistersBladeDirectives.php(41): Illuminate\\Support\\Facades\\Facade::__callStatic('directive', Array)
#13 /home/samadi/vendor/santigarcor/laratrust/src/LaratrustRegistersBladeDirectives.php(23): Laratrust\\LaratrustRegistersBladeDirectives->registerWithParenthesis()
#14 /home/samadi/vendor/santigarcor/laratrust/src/LaratrustServiceProvider.php(134): Laratrust\\LaratrustRegistersBladeDirectives->handle('5.7.15')
#15 /home/samadi/vendor/santigarcor/laratrust/src/LaratrustServiceProvider.php(71): Laratrust\\LaratrustServiceProvider->registerBladeDirectives()
#16 [internal function]: Laratrust\\LaratrustServiceProvider->boot()
#17 /home/samadi/vendor/laravel/framework/src/Illuminate/Container/BoundMethod.php(29): call_user_func_array(Array, Array)
#18 /home/samadi/vendor/laravel/framework/src/Illuminate/Container/BoundMethod.php(87): Illuminate\\Container\\BoundMethod::Illuminate\\Container\\{closure}()
#19 /home/samadi/vendor/laravel/framework/src/Illuminate/Container/BoundMethod.php(31): Illuminate\\Container\\BoundMethod::callBoundMethod(Object(Illuminate\\Foundation\\Application), Array, Object(Closure))
#20 /home/samadi/vendor/laravel/framework/src/Illuminate/Container/Container.php(572): Illuminate\\Container\\BoundMethod::call(Object(Illuminate\\Foundation\\Application), Array, Array, NULL)
#21 /home/samadi/vendor/laravel/framework/src/Illuminate/Foundation/Application.php(795): Illuminate\\Container\\Container->call(Array)
#22 /home/samadi/vendor/laravel/framework/src/Illuminate/Foundation/Application.php(778): Illuminate\\Foundation\\Application->bootProvider(Object(Laratrust\\LaratrustServiceProvider))
#23 [internal function]: Illuminate\\Foundation\\Application->Illuminate\\Foundation\\{closure}(Object(Laratrust\\LaratrustServiceProvider), 22)
#24 /home/samadi/vendor/laravel/framework/src/Illuminate/Foundation/Application.php(779): array_walk(Array, Object(Closure))
#25 /home/samadi/vendor/laravel/framework/src/Illuminate/Foundation/Bootstrap/BootProviders.php(17): Illuminate\\Foundation\\Application->boot()
#26 /home/samadi/vendor/laravel/framework/src/Illuminate/Foundation/Application.php(204): Illuminate\\Foundation\\Bootstrap\\BootProviders->bootstrap(Object(Illuminate\\Foundation\\Application))
#27 /home/samadi/vendor/laravel/framework/src/Illuminate/Foundation/Http/Kernel.php(162): Illuminate\\Foundation\\Application->bootstrapWith(Array)
#28 /home/samadi/vendor/laravel/framework/src/Illuminate/Foundation/Http/Kernel.php(146): Illuminate\\Foundation\\Http\\Kernel->bootstrap()
#29 /home/samadi/vendor/laravel/framework/src/Illuminate/Foundation/Http/Kernel.php(116): Illuminate\\Foundation\\Http\\Kernel->sendRequestThroughRouter(Object(Illuminate\\Http\\Request))
#30 /home/samadi/public/index.php(53): Illuminate\\Foundation\\Http\\Kernel->handle(Object(Illuminate\\Http\\Request))
#31 {main}
"} 
[2019-12-10 09:29:50] local.ERROR: Please provide a valid cache path. {"exception":"[object] (InvalidArgumentException(code: 0): Please provide a valid cache path. at /home/samadi/vendor/laravel/framework/src/Illuminate/View/Compilers/Compiler.php:36)
[stacktrace]
#0 /home/samadi/vendor/laravel/framework/src/Illuminate/View/ViewServiceProvider.php(141): Illuminate\\View\\Compilers\\Compiler->__construct(Object(Illuminate\\Filesystem\\Filesystem), false)
#1 /home/samadi/vendor/laravel/framework/src/Illuminate/Container/Container.php(776): Illuminate\\View\\ViewServiceProvider->Illuminate\\View\\{closure}(Object(Illuminate\\Foundation\\Application), Array)
#2 /home/samadi/vendor/laravel/framework/src/Illuminate/Container/Container.php(658): Illuminate\\Container\\Container->build(Object(Closure))
#3 /home/samadi/vendor/laravel/framework/src/Illuminate/Container/Container.php(609): Illuminate\\Container\\Container->resolve('blade.compiler', Array)
#4 /home/samadi/vendor/laravel/framework/src/Illuminate/Foundation/Application.php(735): Illuminate\\Container\\Container->make('blade.compiler', Array)
#5 /home/samadi/vendor/laravel/framework/src/Illuminate/Container/Container.php(1222): Illuminate\\Foundation\\Application->make('blade.compiler')
#6 /home/samadi/vendor/laravel/framework/src/Illuminate/View/ViewServiceProvider.php(146): Illuminate\\Container\\Container->offsetGet('blade.compiler')
#7 [internal function]: Illuminate\\View\\ViewServiceProvider->Illuminate\\View\\{closure}()
#8 /home/samadi/vendor/laravel/framework/src/Illuminate/View/Engines/EngineResolver.php(55): call_user_func(Object(Closure))
#9 /home/samadi/vendor/laravel/framework/src/Illuminate/Support/Facades/Blade.php(34): Illuminate\\View\\Engines\\EngineResolver->resolve('blade')
#10 /home/samadi/vendor/laravel/framework/src/Illuminate/Support/Facades/Facade.php(130): Illuminate\\Support\\Facades\\Blade::getFacadeAccessor()
#11 /home/samadi/vendor/laravel/framework/src/Illuminate/Support/Facades/Facade.php(217): Illuminate\\Support\\Facades\\Facade::getFacadeRoot()
#12 /home/samadi/vendor/santigarcor/laratrust/src/LaratrustRegistersBladeDirectives.php(41): Illuminate\\Support\\Facades\\Facade::__callStatic('directive', Array)
#13 /home/samadi/vendor/santigarcor/laratrust/src/LaratrustRegistersBladeDirectives.php(23): Laratrust\\LaratrustRegistersBladeDirectives->registerWithParenthesis()
#14 /home/samadi/vendor/santigarcor/laratrust/src/LaratrustServiceProvider.php(134): Laratrust\\LaratrustRegistersBladeDirectives->handle('5.7.15')
#15 /home/samadi/vendor/santigarcor/laratrust/src/LaratrustServiceProvider.php(71): Laratrust\\LaratrustServiceProvider->registerBladeDirectives()
#16 [internal function]: Laratrust\\LaratrustServiceProvider->boot()
#17 /home/samadi/vendor/laravel/framework/src/Illuminate/Container/BoundMethod.php(29): call_user_func_array(Array, Array)
#18 /home/samadi/vendor/laravel/framework/src/Illuminate/Container/BoundMethod.php(87): Illuminate\\Container\\BoundMethod::Illuminate\\Container\\{closure}()
#19 /home/samadi/vendor/laravel/framework/src/Illuminate/Container/BoundMethod.php(31): Illuminate\\Container\\BoundMethod::callBoundMethod(Object(Illuminate\\Foundation\\Application), Array, Object(Closure))
#20 /home/samadi/vendor/laravel/framework/src/Illuminate/Container/Container.php(572): Illuminate\\Container\\BoundMethod::call(Object(Illuminate\\Foundation\\Application), Array, Array, NULL)
#21 /home/samadi/vendor/laravel/framework/src/Illuminate/Foundation/Application.php(795): Illuminate\\Container\\Container->call(Array)
#22 /home/samadi/vendor/laravel/framework/src/Illuminate/Foundation/Application.php(778): Illuminate\\Foundation\\Application->bootProvider(Object(Laratrust\\LaratrustServiceProvider))
#23 [internal function]: Illuminate\\Foundation\\Application->Illuminate\\Foundation\\{closure}(Object(Laratrust\\LaratrustServiceProvider), 22)
#24 /home/samadi/vendor/laravel/framework/src/Illuminate/Foundation/Application.php(779): array_walk(Array, Object(Closure))
#25 /home/samadi/vendor/laravel/framework/src/Illuminate/Foundation/Bootstrap/BootProviders.php(17): Illuminate\\Foundation\\Application->boot()
#26 /home/samadi/vendor/laravel/framework/src/Illuminate/Foundation/Application.php(204): Illuminate\\Foundation\\Bootstrap\\BootProviders->bootstrap(Object(Illuminate\\Foundation\\Application))
#27 /home/samadi/vendor/laravel/framework/src/Illuminate/Foundation/Console/Kernel.php(297): Illuminate\\Foundation\\Application->bootstrapWith(Array)
#28 /home/samadi/vendor/laravel/framework/src/Illuminate/Foundation/Console/Kernel.php(120): Illuminate\\Foundation\\Console\\Kernel->bootstrap()
#29 /home/samadi/artisan(35): Illuminate\\Foundation\\Console\\Kernel->handle(Object(Symfony\\Component\\Console\\Input\\ArgvInput), Object(Symfony\\Component\\Console\\Output\\ConsoleOutput))
#30 {main}
"} 
[2019-12-10 09:29:55] local.ERROR: Please provide a valid cache path. {"exception":"[object] (InvalidArgumentException(code: 0): Please provide a valid cache path. at /home/samadi/vendor/laravel/framework/src/Illuminate/View/Compilers/Compiler.php:36)
[stacktrace]
#0 /home/samadi/vendor/laravel/framework/src/Illuminate/View/ViewServiceProvider.php(141): Illuminate\\View\\Compilers\\Compiler->__construct(Object(Illuminate\\Filesystem\\Filesystem), false)
#1 /home/samadi/vendor/laravel/framework/src/Illuminate/Container/Container.php(776): Illuminate\\View\\ViewServiceProvider->Illuminate\\View\\{closure}(Object(Illuminate\\Foundation\\Application), Array)
#2 /home/samadi/vendor/laravel/framework/src/Illuminate/Container/Container.php(658): Illuminate\\Container\\Container->build(Object(Closure))
#3 /home/samadi/vendor/laravel/framework/src/Illuminate/Container/Container.php(609): Illuminate\\Container\\Container->resolve('blade.compiler', Array)
#4 /home/samadi/vendor/laravel/framework/src/Illuminate/Foundation/Application.php(735): Illuminate\\Container\\Container->make('blade.compiler', Array)
#5 /home/samadi/vendor/laravel/framework/src/Illuminate/Container/Container.php(1222): Illuminate\\Foundation\\Application->make('blade.compiler')
#6 /home/samadi/vendor/laravel/framework/src/Illuminate/View/ViewServiceProvider.php(146): Illuminate\\Container\\Container->offsetGet('blade.compiler')
#7 [internal function]: Illuminate\\View\\ViewServiceProvider->Illuminate\\View\\{closure}()
#8 /home/samadi/vendor/laravel/framework/src/Illuminate/View/Engines/EngineResolver.php(55): call_user_func(Object(Closure))
#9 /home/samadi/vendor/laravel/framework/src/Illuminate/Support/Facades/Blade.php(34): Illuminate\\View\\Engines\\EngineResolver->resolve('blade')
#10 /home/samadi/vendor/laravel/framework/src/Illuminate/Support/Facades/Facade.php(130): Illuminate\\Support\\Facades\\Blade::getFacadeAccessor()
#11 /home/samadi/vendor/laravel/framework/src/Illuminate/Support/Facades/Facade.php(217): Illuminate\\Support\\Facades\\Facade::getFacadeRoot()
#12 /home/samadi/vendor/santigarcor/laratrust/src/LaratrustRegistersBladeDirectives.php(41): Illuminate\\Support\\Facades\\Facade::__callStatic('directive', Array)
#13 /home/samadi/vendor/santigarcor/laratrust/src/LaratrustRegistersBladeDirectives.php(23): Laratrust\\LaratrustRegistersBladeDirectives->registerWithParenthesis()
#14 /home/samadi/vendor/santigarcor/laratrust/src/LaratrustServiceProvider.php(134): Laratrust\\LaratrustRegistersBladeDirectives->handle('5.7.15')
#15 /home/samadi/vendor/santigarcor/laratrust/src/LaratrustServiceProvider.php(71): Laratrust\\LaratrustServiceProvider->registerBladeDirectives()
#16 [internal function]: Laratrust\\LaratrustServiceProvider->boot()
#17 /home/samadi/vendor/laravel/framework/src/Illuminate/Container/BoundMethod.php(29): call_user_func_array(Array, Array)
#18 /home/samadi/vendor/laravel/framework/src/Illuminate/Container/BoundMethod.php(87): Illuminate\\Container\\BoundMethod::Illuminate\\Container\\{closure}()
#19 /home/samadi/vendor/laravel/framework/src/Illuminate/Container/BoundMethod.php(31): Illuminate\\Container\\BoundMethod::callBoundMethod(Object(Illuminate\\Foundation\\Application), Array, Object(Closure))
#20 /home/samadi/vendor/laravel/framework/src/Illuminate/Container/Container.php(572): Illuminate\\Container\\BoundMethod::call(Object(Illuminate\\Foundation\\Application), Array, Array, NULL)
#21 /home/samadi/vendor/laravel/framework/src/Illuminate/Foundation/Application.php(795): Illuminate\\Container\\Container->call(Array)
#22 /home/samadi/vendor/laravel/framework/src/Illuminate/Foundation/Application.php(778): Illuminate\\Foundation\\Application->bootProvider(Object(Laratrust\\LaratrustServiceProvider))
#23 [internal function]: Illuminate\\Foundation\\Application->Illuminate\\Foundation\\{closure}(Object(Laratrust\\LaratrustServiceProvider), 22)
#24 /home/samadi/vendor/laravel/framework/src/Illuminate/Foundation/Application.php(779): array_walk(Array, Object(Closure))
#25 /home/samadi/vendor/laravel/framework/src/Illuminate/Foundation/Bootstrap/BootProviders.php(17): Illuminate\\Foundation\\Application->boot()
#26 /home/samadi/vendor/laravel/framework/src/Illuminate/Foundation/Application.php(204): Illuminate\\Foundation\\Bootstrap\\BootProviders->bootstrap(Object(Illuminate\\Foundation\\Application))
#27 /home/samadi/vendor/laravel/framework/src/Illuminate/Foundation/Http/Kernel.php(162): Illuminate\\Foundation\\Application->bootstrapWith(Array)
#28 /home/samadi/vendor/laravel/framework/src/Illuminate/Foundation/Http/Kernel.php(146): Illuminate\\Foundation\\Http\\Kernel->bootstrap()
#29 /home/samadi/vendor/laravel/framework/src/Illuminate/Foundation/Http/Kernel.php(116): Illuminate\\Foundation\\Http\\Kernel->sendRequestThroughRouter(Object(Illuminate\\Http\\Request))
#30 /home/samadi/public/index.php(53): Illuminate\\Foundation\\Http\\Kernel->handle(Object(Illuminate\\Http\\Request))
#31 {main}
"} 
[2019-12-10 09:30:03] local.ERROR: Please provide a valid cache path. {"exception":"[object] (InvalidArgumentException(code: 0): Please provide a valid cache path. at /home/samadi/vendor/laravel/framework/src/Illuminate/View/Compilers/Compiler.php:36)
[stacktrace]
#0 /home/samadi/vendor/laravel/framework/src/Illuminate/View/ViewServiceProvider.php(141): Illuminate\\View\\Compilers\\Compiler->__construct(Object(Illuminate\\Filesystem\\Filesystem), false)
#1 /home/samadi/vendor/laravel/framework/src/Illuminate/Container/Container.php(776): Illuminate\\View\\ViewServiceProvider->Illuminate\\View\\{closure}(Object(Illuminate\\Foundation\\Application), Array)
#2 /home/samadi/vendor/laravel/framework/src/Illuminate/Container/Container.php(658): Illuminate\\Container\\Container->build(Object(Closure))
#3 /home/samadi/vendor/laravel/framework/src/Illuminate/Container/Container.php(609): Illuminate\\Container\\Container->resolve('blade.compiler', Array)
#4 /home/samadi/vendor/laravel/framework/src/Illuminate/Foundation/Application.php(735): Illuminate\\Container\\Container->make('blade.compiler', Array)
#5 /home/samadi/vendor/laravel/framework/src/Illuminate/Container/Container.php(1222): Illuminate\\Foundation\\Application->make('blade.compiler')
#6 /home/samadi/vendor/laravel/framework/src/Illuminate/View/ViewServiceProvider.php(146): Illuminate\\Container\\Container->offsetGet('blade.compiler')
#7 [internal function]: Illuminate\\View\\ViewServiceProvider->Illuminate\\View\\{closure}()
#8 /home/samadi/vendor/laravel/framework/src/Illuminate/View/Engines/EngineResolver.php(55): call_user_func(Object(Closure))
#9 /home/samadi/vendor/laravel/framework/src/Illuminate/Support/Facades/Blade.php(34): Illuminate\\View\\Engines\\EngineResolver->resolve('blade')
#10 /home/samadi/vendor/laravel/framework/src/Illuminate/Support/Facades/Facade.php(130): Illuminate\\Support\\Facades\\Blade::getFacadeAccessor()
#11 /home/samadi/vendor/laravel/framework/src/Illuminate/Support/Facades/Facade.php(217): Illuminate\\Support\\Facades\\Facade::getFacadeRoot()
#12 /home/samadi/vendor/santigarcor/laratrust/src/LaratrustRegistersBladeDirectives.php(41): Illuminate\\Support\\Facades\\Facade::__callStatic('directive', Array)
#13 /home/samadi/vendor/santigarcor/laratrust/src/LaratrustRegistersBladeDirectives.php(23): Laratrust\\LaratrustRegistersBladeDirectives->registerWithParenthesis()
#14 /home/samadi/vendor/santigarcor/laratrust/src/LaratrustServiceProvider.php(134): Laratrust\\LaratrustRegistersBladeDirectives->handle('5.7.15')
#15 /home/samadi/vendor/santigarcor/laratrust/src/LaratrustServiceProvider.php(71): Laratrust\\LaratrustServiceProvider->registerBladeDirectives()
#16 [internal function]: Laratrust\\LaratrustServiceProvider->boot()
#17 /home/samadi/vendor/laravel/framework/src/Illuminate/Container/BoundMethod.php(29): call_user_func_array(Array, Array)
#18 /home/samadi/vendor/laravel/framework/src/Illuminate/Container/BoundMethod.php(87): Illuminate\\Container\\BoundMethod::Illuminate\\Container\\{closure}()
#19 /home/samadi/vendor/laravel/framework/src/Illuminate/Container/BoundMethod.php(31): Illuminate\\Container\\BoundMethod::callBoundMethod(Object(Illuminate\\Foundation\\Application), Array, Object(Closure))
#20 /home/samadi/vendor/laravel/framework/src/Illuminate/Container/Container.php(572): Illuminate\\Container\\BoundMethod::call(Object(Illuminate\\Foundation\\Application), Array, Array, NULL)
#21 /home/samadi/vendor/laravel/framework/src/Illuminate/Foundation/Application.php(795): Illuminate\\Container\\Container->call(Array)
#22 /home/samadi/vendor/laravel/framework/src/Illuminate/Foundation/Application.php(778): Illuminate\\Foundation\\Application->bootProvider(Object(Laratrust\\LaratrustServiceProvider))
#23 [internal function]: Illuminate\\Foundation\\Application->Illuminate\\Foundation\\{closure}(Object(Laratrust\\LaratrustServiceProvider), 22)
#24 /home/samadi/vendor/laravel/framework/src/Illuminate/Foundation/Application.php(779): array_walk(Array, Object(Closure))
#25 /home/samadi/vendor/laravel/framework/src/Illuminate/Foundation/Bootstrap/BootProviders.php(17): Illuminate\\Foundation\\Application->boot()
#26 /home/samadi/vendor/laravel/framework/src/Illuminate/Foundation/Application.php(204): Illuminate\\Foundation\\Bootstrap\\BootProviders->bootstrap(Object(Illuminate\\Foundation\\Application))
#27 /home/samadi/vendor/laravel/framework/src/Illuminate/Foundation/Console/Kernel.php(297): Illuminate\\Foundation\\Application->bootstrapWith(Array)
#28 /home/samadi/vendor/laravel/framework/src/Illuminate/Foundation/Console/Kernel.php(120): Illuminate\\Foundation\\Console\\Kernel->bootstrap()
#29 /home/samadi/artisan(35): Illuminate\\Foundation\\Console\\Kernel->handle(Object(Symfony\\Component\\Console\\Input\\ArgvInput), Object(Symfony\\Component\\Console\\Output\\ConsoleOutput))
#30 {main}
"} 
[2019-12-10 09:30:37] local.ERROR: Please provide a valid cache path. {"exception":"[object] (InvalidArgumentException(code: 0): Please provide a valid cache path. at /home/samadi/vendor/laravel/framework/src/Illuminate/View/Compilers/Compiler.php:36)
[stacktrace]
#0 /home/samadi/vendor/laravel/framework/src/Illuminate/View/ViewServiceProvider.php(141): Illuminate\\View\\Compilers\\Compiler->__construct(Object(Illuminate\\Filesystem\\Filesystem), false)
#1 /home/samadi/vendor/laravel/framework/src/Illuminate/Container/Container.php(776): Illuminate\\View\\ViewServiceProvider->Illuminate\\View\\{closure}(Object(Illuminate\\Foundation\\Application), Array)
#2 /home/samadi/vendor/laravel/framework/src/Illuminate/Container/Container.php(658): Illuminate\\Container\\Container->build(Object(Closure))
#3 /home/samadi/vendor/laravel/framework/src/Illuminate/Container/Container.php(609): Illuminate\\Container\\Container->resolve('blade.compiler', Array)
#4 /home/samadi/vendor/laravel/framework/src/Illuminate/Foundation/Application.php(735): Illuminate\\Container\\Container->make('blade.compiler', Array)
#5 /home/samadi/vendor/laravel/framework/src/Illuminate/Container/Container.php(1222): Illuminate\\Foundation\\Application->make('blade.compiler')
#6 /home/samadi/vendor/laravel/framework/src/Illuminate/View/ViewServiceProvider.php(146): Illuminate\\Container\\Container->offsetGet('blade.compiler')
#7 [internal function]: Illuminate\\View\\ViewServiceProvider->Illuminate\\View\\{closure}()
#8 /home/samadi/vendor/laravel/framework/src/Illuminate/View/Engines/EngineResolver.php(55): call_user_func(Object(Closure))
#9 /home/samadi/vendor/laravel/framework/src/Illuminate/Support/Facades/Blade.php(34): Illuminate\\View\\Engines\\EngineResolver->resolve('blade')
#10 /home/samadi/vendor/laravel/framework/src/Illuminate/Support/Facades/Facade.php(130): Illuminate\\Support\\Facades\\Blade::getFacadeAccessor()
#11 /home/samadi/vendor/laravel/framework/src/Illuminate/Support/Facades/Facade.php(217): Illuminate\\Support\\Facades\\Facade::getFacadeRoot()
#12 /home/samadi/vendor/santigarcor/laratrust/src/LaratrustRegistersBladeDirectives.php(41): Illuminate\\Support\\Facades\\Facade::__callStatic('directive', Array)
#13 /home/samadi/vendor/santigarcor/laratrust/src/LaratrustRegistersBladeDirectives.php(23): Laratrust\\LaratrustRegistersBladeDirectives->registerWithParenthesis()
#14 /home/samadi/vendor/santigarcor/laratrust/src/LaratrustServiceProvider.php(134): Laratrust\\LaratrustRegistersBladeDirectives->handle('5.7.15')
#15 /home/samadi/vendor/santigarcor/laratrust/src/LaratrustServiceProvider.php(71): Laratrust\\LaratrustServiceProvider->registerBladeDirectives()
#16 [internal function]: Laratrust\\LaratrustServiceProvider->boot()
#17 /home/samadi/vendor/laravel/framework/src/Illuminate/Container/BoundMethod.php(29): call_user_func_array(Array, Array)
#18 /home/samadi/vendor/laravel/framework/src/Illuminate/Container/BoundMethod.php(87): Illuminate\\Container\\BoundMethod::Illuminate\\Container\\{closure}()
#19 /home/samadi/vendor/laravel/framework/src/Illuminate/Container/BoundMethod.php(31): Illuminate\\Container\\BoundMethod::callBoundMethod(Object(Illuminate\\Foundation\\Application), Array, Object(Closure))
#20 /home/samadi/vendor/laravel/framework/src/Illuminate/Container/Container.php(572): Illuminate\\Container\\BoundMethod::call(Object(Illuminate\\Foundation\\Application), Array, Array, NULL)
#21 /home/samadi/vendor/laravel/framework/src/Illuminate/Foundation/Application.php(795): Illuminate\\Container\\Container->call(Array)
#22 /home/samadi/vendor/laravel/framework/src/Illuminate/Foundation/Application.php(778): Illuminate\\Foundation\\Application->bootProvider(Object(Laratrust\\LaratrustServiceProvider))
#23 [internal function]: Illuminate\\Foundation\\Application->Illuminate\\Foundation\\{closure}(Object(Laratrust\\LaratrustServiceProvider), 22)
#24 /home/samadi/vendor/laravel/framework/src/Illuminate/Foundation/Application.php(779): array_walk(Array, Object(Closure))
#25 /home/samadi/vendor/laravel/framework/src/Illuminate/Foundation/Bootstrap/BootProviders.php(17): Illuminate\\Foundation\\Application->boot()
#26 /home/samadi/vendor/laravel/framework/src/Illuminate/Foundation/Application.php(204): Illuminate\\Foundation\\Bootstrap\\BootProviders->bootstrap(Object(Illuminate\\Foundation\\Application))
#27 /home/samadi/vendor/laravel/framework/src/Illuminate/Foundation/Http/Kernel.php(162): Illuminate\\Foundation\\Application->bootstrapWith(Array)
#28 /home/samadi/vendor/laravel/framework/src/Illuminate/Foundation/Http/Kernel.php(146): Illuminate\\Foundation\\Http\\Kernel->bootstrap()
#29 /home/samadi/vendor/laravel/framework/src/Illuminate/Foundation/Http/Kernel.php(116): Illuminate\\Foundation\\Http\\Kernel->sendRequestThroughRouter(Object(Illuminate\\Http\\Request))
#30 /home/samadi/public/index.php(53): Illuminate\\Foundation\\Http\\Kernel->handle(Object(Illuminate\\Http\\Request))
#31 {main}
"} 
[2019-12-10 09:36:50] local.ERROR: file_put_contents(/home/samadi/storage/framework/views/64b5ea1a0b630c7999db0c2d254e73c90485d57a.php): failed to open stream: Permission denied {"exception":"[object] (ErrorException(code: 0): file_put_contents(/home/samadi/storage/framework/views/64b5ea1a0b630c7999db0c2d254e73c90485d57a.php): failed to open stream: Permission denied at /home/samadi/vendor/laravel/framework/src/Illuminate/Filesystem/Filesystem.php:122)
[stacktrace]
#0 [internal function]: Illuminate\\Foundation\\Bootstrap\\HandleExceptions->handleError(2, 'file_put_conten...', '/home/samadi/ve...', 122, Array)
#1 /home/samadi/vendor/laravel/framework/src/Illuminate/Filesystem/Filesystem.php(122): file_put_contents('/home/samadi/st...', '<!DOCTYPE html>...', 0)
#2 /home/samadi/vendor/laravel/framework/src/Illuminate/View/Compilers/BladeCompiler.php(122): Illuminate\\Filesystem\\Filesystem->put('/home/samadi/st...', '<!DOCTYPE html>...')
#3 /home/samadi/vendor/laravel/framework/src/Illuminate/View/Engines/CompilerEngine.php(51): Illuminate\\View\\Compilers\\BladeCompiler->compile('/home/samadi/re...')
#4 /home/samadi/vendor/laravel/framework/src/Illuminate/View/View.php(142): Illuminate\\View\\Engines\\CompilerEngine->get('/home/samadi/re...', Array)
#5 /home/samadi/vendor/laravel/framework/src/Illuminate/View/View.php(125): Illuminate\\View\\View->getContents()
#6 /home/samadi/vendor/laravel/framework/src/Illuminate/View/View.php(90): Illuminate\\View\\View->renderContents()
#7 /home/samadi/vendor/laravel/framework/src/Illuminate/Http/Response.php(42): Illuminate\\View\\View->render()
#8 /home/samadi/vendor/symfony/http-foundation/Response.php(202): Illuminate\\Http\\Response->setContent(Object(Illuminate\\View\\View))
#9 /home/samadi/vendor/laravel/framework/src/Illuminate/Routing/Router.php(750): Symfony\\Component\\HttpFoundation\\Response->__construct(Object(Illuminate\\View\\View))
#10 /home/samadi/vendor/laravel/framework/src/Illuminate/Routing/Router.php(722): Illuminate\\Routing\\Router::toResponse(Object(Illuminate\\Http\\Request), Object(Illuminate\\View\\View))
#11 /home/samadi/vendor/laravel/framework/src/Illuminate/Routing/Router.php(682): Illuminate\\Routing\\Router->prepareResponse(Object(Illuminate\\Http\\Request), Object(Illuminate\\View\\View))
#12 /home/samadi/vendor/laravel/framework/src/Illuminate/Routing/Pipeline.php(30): Illuminate\\Routing\\Router->Illuminate\\Routing\\{closure}(Object(Illuminate\\Http\\Request))
#13 /home/samadi/vendor/laravel/framework/src/Illuminate/Routing/Middleware/SubstituteBindings.php(41): Illuminate\\Routing\\Pipeline->Illuminate\\Routing\\{closure}(Object(Illuminate\\Http\\Request))
#14 /home/samadi/vendor/laravel/framework/src/Illuminate/Pipeline/Pipeline.php(151): Illuminate\\Routing\\Middleware\\SubstituteBindings->handle(Object(Illuminate\\Http\\Request), Object(Closure))
#15 /home/samadi/vendor/laravel/framework/src/Illuminate/Routing/Pipeline.php(53): Illuminate\\Pipeline\\Pipeline->Illuminate\\Pipeline\\{closure}(Object(Illuminate\\Http\\Request))
#16 /home/samadi/vendor/laravel/framework/src/Illuminate/Foundation/Http/Middleware/VerifyCsrfToken.php(75): Illuminate\\Routing\\Pipeline->Illuminate\\Routing\\{closure}(Object(Illuminate\\Http\\Request))
#17 /home/samadi/vendor/laravel/framework/src/Illuminate/Pipeline/Pipeline.php(151): Illuminate\\Foundation\\Http\\Middleware\\VerifyCsrfToken->handle(Object(Illuminate\\Http\\Request), Object(Closure))
#18 /home/samadi/vendor/laravel/framework/src/Illuminate/Routing/Pipeline.php(53): Illuminate\\Pipeline\\Pipeline->Illuminate\\Pipeline\\{closure}(Object(Illuminate\\Http\\Request))
#19 /home/samadi/vendor/laravel/framework/src/Illuminate/View/Middleware/ShareErrorsFromSession.php(49): Illuminate\\Routing\\Pipeline->Illuminate\\Routing\\{closure}(Object(Illuminate\\Http\\Request))
#20 /home/samadi/vendor/laravel/framework/src/Illuminate/Pipeline/Pipeline.php(151): Illuminate\\View\\Middleware\\ShareErrorsFromSession->handle(Object(Illuminate\\Http\\Request), Object(Closure))
#21 /home/samadi/vendor/laravel/framework/src/Illuminate/Routing/Pipeline.php(53): Illuminate\\Pipeline\\Pipeline->Illuminate\\Pipeline\\{closure}(Object(Illuminate\\Http\\Request))
#22 /home/samadi/vendor/laravel/framework/src/Illuminate/Session/Middleware/StartSession.php(63): Illuminate\\Routing\\Pipeline->Illuminate\\Routing\\{closure}(Object(Illuminate\\Http\\Request))
#23 /home/samadi/vendor/laravel/framework/src/Illuminate/Pipeline/Pipeline.php(151): Illuminate\\Session\\Middleware\\StartSession->handle(Object(Illuminate\\Http\\Request), Object(Closure))
#24 /home/samadi/vendor/laravel/framework/src/Illuminate/Routing/Pipeline.php(53): Illuminate\\Pipeline\\Pipeline->Illuminate\\Pipeline\\{closure}(Object(Illuminate\\Http\\Request))
#25 /home/samadi/vendor/laravel/framework/src/Illuminate/Cookie/Middleware/AddQueuedCookiesToResponse.php(37): Illuminate\\Routing\\Pipeline->Illuminate\\Routing\\{closure}(Object(Illuminate\\Http\\Request))
#26 /home/samadi/vendor/laravel/framework/src/Illuminate/Pipeline/Pipeline.php(151): Illuminate\\Cookie\\Middleware\\AddQueuedCookiesToResponse->handle(Object(Illuminate\\Http\\Request), Object(Closure))
#27 /home/samadi/vendor/laravel/framework/src/Illuminate/Routing/Pipeline.php(53): Illuminate\\Pipeline\\Pipeline->Illuminate\\Pipeline\\{closure}(Object(Illuminate\\Http\\Request))
#28 /home/samadi/vendor/laravel/framework/src/Illuminate/Cookie/Middleware/EncryptCookies.php(66): Illuminate\\Routing\\Pipeline->Illuminate\\Routing\\{closure}(Object(Illuminate\\Http\\Request))
#29 /home/samadi/vendor/laravel/framework/src/Illuminate/Pipeline/Pipeline.php(151): Illuminate\\Cookie\\Middleware\\EncryptCookies->handle(Object(Illuminate\\Http\\Request), Object(Closure))
#30 /home/samadi/vendor/laravel/framework/src/Illuminate/Routing/Pipeline.php(53): Illuminate\\Pipeline\\Pipeline->Illuminate\\Pipeline\\{closure}(Object(Illuminate\\Http\\Request))
#31 /home/samadi/vendor/laravel/framework/src/Illuminate/Pipeline/Pipeline.php(104): Illuminate\\Routing\\Pipeline->Illuminate\\Routing\\{closure}(Object(Illuminate\\Http\\Request))
#32 /home/samadi/vendor/laravel/framework/src/Illuminate/Routing/Router.php(684): Illuminate\\Pipeline\\Pipeline->then(Object(Closure))
#33 /home/samadi/vendor/laravel/framework/src/Illuminate/Routing/Router.php(659): Illuminate\\Routing\\Router->runRouteWithinStack(Object(Illuminate\\Routing\\Route), Object(Illuminate\\Http\\Request))
#34 /home/samadi/vendor/laravel/framework/src/Illuminate/Routing/Router.php(625): Illuminate\\Routing\\Router->runRoute(Object(Illuminate\\Http\\Request), Object(Illuminate\\Routing\\Route))
#35 /home/samadi/vendor/laravel/framework/src/Illuminate/Routing/Router.php(614): Illuminate\\Routing\\Router->dispatchToRoute(Object(Illuminate\\Http\\Request))
#36 /home/samadi/vendor/laravel/framework/src/Illuminate/Foundation/Http/Kernel.php(176): Illuminate\\Routing\\Router->dispatch(Object(Illuminate\\Http\\Request))
#37 /home/samadi/vendor/laravel/framework/src/Illuminate/Routing/Pipeline.php(30): Illuminate\\Foundation\\Http\\Kernel->Illuminate\\Foundation\\Http\\{closure}(Object(Illuminate\\Http\\Request))
#38 /home/samadi/vendor/fideloper/proxy/src/TrustProxies.php(57): Illuminate\\Routing\\Pipeline->Illuminate\\Routing\\{closure}(Object(Illuminate\\Http\\Request))
#39 /home/samadi/vendor/laravel/framework/src/Illuminate/Pipeline/Pipeline.php(151): Fideloper\\Proxy\\TrustProxies->handle(Object(Illuminate\\Http\\Request), Object(Closure))
#40 /home/samadi/vendor/laravel/framework/src/Illuminate/Routing/Pipeline.php(53): Illuminate\\Pipeline\\Pipeline->Illuminate\\Pipeline\\{closure}(Object(Illuminate\\Http\\Request))
#41 /home/samadi/vendor/laravel/framework/src/Illuminate/Foundation/Http/Middleware/TransformsRequest.php(31): Illuminate\\Routing\\Pipeline->Illuminate\\Routing\\{closure}(Object(Illuminate\\Http\\Request))
#42 /home/samadi/vendor/laravel/framework/src/Illuminate/Pipeline/Pipeline.php(151): Illuminate\\Foundation\\Http\\Middleware\\TransformsRequest->handle(Object(Illuminate\\Http\\Request), Object(Closure))
#43 /home/samadi/vendor/laravel/framework/src/Illuminate/Routing/Pipeline.php(53): Illuminate\\Pipeline\\Pipeline->Illuminate\\Pipeline\\{closure}(Object(Illuminate\\Http\\Request))
#44 /home/samadi/vendor/laravel/framework/src/Illuminate/Foundation/Http/Middleware/TransformsRequest.php(31): Illuminate\\Routing\\Pipeline->Illuminate\\Routing\\{closure}(Object(Illuminate\\Http\\Request))
#45 /home/samadi/vendor/laravel/framework/src/Illuminate/Pipeline/Pipeline.php(151): Illuminate\\Foundation\\Http\\Middleware\\TransformsRequest->handle(Object(Illuminate\\Http\\Request), Object(Closure))
#46 /home/samadi/vendor/laravel/framework/src/Illuminate/Routing/Pipeline.php(53): Illuminate\\Pipeline\\Pipeline->Illuminate\\Pipeline\\{closure}(Object(Illuminate\\Http\\Request))
#47 /home/samadi/vendor/laravel/framework/src/Illuminate/Foundation/Http/Middleware/ValidatePostSize.php(27): Illuminate\\Routing\\Pipeline->Illuminate\\Routing\\{closure}(Object(Illuminate\\Http\\Request))
#48 /home/samadi/vendor/laravel/framework/src/Illuminate/Pipeline/Pipeline.php(151): Illuminate\\Foundation\\Http\\Middleware\\ValidatePostSize->handle(Object(Illuminate\\Http\\Request), Object(Closure))
#49 /home/samadi/vendor/laravel/framework/src/Illuminate/Routing/Pipeline.php(53): Illuminate\\Pipeline\\Pipeline->Illuminate\\Pipeline\\{closure}(Object(Illuminate\\Http\\Request))
#50 /home/samadi/vendor/laravel/framework/src/Illuminate/Foundation/Http/Middleware/CheckForMaintenanceMode.php(62): Illuminate\\Routing\\Pipeline->Illuminate\\Routing\\{closure}(Object(Illuminate\\Http\\Request))
#51 /home/samadi/vendor/laravel/framework/src/Illuminate/Pipeline/Pipeline.php(151): Illuminate\\Foundation\\Http\\Middleware\\CheckForMaintenanceMode->handle(Object(Illuminate\\Http\\Request), Object(Closure))
#52 /home/samadi/vendor/laravel/framework/src/Illuminate/Routing/Pipeline.php(53): Illuminate\\Pipeline\\Pipeline->Illuminate\\Pipeline\\{closure}(Object(Illuminate\\Http\\Request))
#53 /home/samadi/vendor/laravel/framework/src/Illuminate/Pipeline/Pipeline.php(104): Illuminate\\Routing\\Pipeline->Illuminate\\Routing\\{closure}(Object(Illuminate\\Http\\Request))
#54 /home/samadi/vendor/laravel/framework/src/Illuminate/Foundation/Http/Kernel.php(151): Illuminate\\Pipeline\\Pipeline->then(Object(Closure))
#55 /home/samadi/vendor/laravel/framework/src/Illuminate/Foundation/Http/Kernel.php(116): Illuminate\\Foundation\\Http\\Kernel->sendRequestThroughRouter(Object(Illuminate\\Http\\Request))
#56 /home/samadi/public/index.php(53): Illuminate\\Foundation\\Http\\Kernel->handle(Object(Illuminate\\Http\\Request))
#57 {main}
"} 
[2019-12-10 09:36:50] local.ERROR: file_put_contents(/home/samadi/storage/framework/sessions/aLXdU4SBeztcAGP5hHWSASWpAMUjrAzGu2kdvuxA): failed to open stream: Permission denied {"exception":"[object] (ErrorException(code: 0): file_put_contents(/home/samadi/storage/framework/sessions/aLXdU4SBeztcAGP5hHWSASWpAMUjrAzGu2kdvuxA): failed to open stream: Permission denied at /home/samadi/vendor/laravel/framework/src/Illuminate/Filesystem/Filesystem.php:122)
[stacktrace]
#0 [internal function]: Illuminate\\Foundation\\Bootstrap\\HandleExceptions->handleError(2, 'file_put_conten...', '/home/samadi/ve...', 122, Array)
#1 /home/samadi/vendor/laravel/framework/src/Illuminate/Filesystem/Filesystem.php(122): file_put_contents('/home/samadi/st...', 'a:3:{s:6:\"_toke...', 2)
#2 /home/samadi/vendor/laravel/framework/src/Illuminate/Session/FileSessionHandler.php(83): Illuminate\\Filesystem\\Filesystem->put('/home/samadi/st...', 'a:3:{s:6:\"_toke...', true)
#3 /home/samadi/vendor/laravel/framework/src/Illuminate/Session/Store.php(129): Illuminate\\Session\\FileSessionHandler->write('aLXdU4SBeztcAGP...', 'a:3:{s:6:\"_toke...')
#4 /home/samadi/vendor/laravel/framework/src/Illuminate/Session/Middleware/StartSession.php(87): Illuminate\\Session\\Store->save()
#5 /home/samadi/vendor/laravel/framework/src/Illuminate/Foundation/Http/Kernel.php(218): Illuminate\\Session\\Middleware\\StartSession->terminate(Object(Illuminate\\Http\\Request), Object(Illuminate\\Http\\Response))
#6 /home/samadi/vendor/laravel/framework/src/Illuminate/Foundation/Http/Kernel.php(189): Illuminate\\Foundation\\Http\\Kernel->terminateMiddleware(Object(Illuminate\\Http\\Request), Object(Illuminate\\Http\\Response))
#7 /home/samadi/public/index.php(58): Illuminate\\Foundation\\Http\\Kernel->terminate(Object(Illuminate\\Http\\Request), Object(Illuminate\\Http\\Response))
#8 {main}
"} 
